<?xml version="1.0" encoding="UTF-8"?>
<testsuite xmlns:xsi="http://www.w3.org/2001/XMLSchema-instance" xsi:noNamespaceSchemaLocation="https://maven.apache.org/surefire/maven-surefire-plugin/xsd/surefire-test-report-3.0.xsd" version="3.0" name="com.databasemanagementapplication.dbms.DbmsApplicationTests" time="3.166" tests="1" errors="0" skipped="0" failures="0">
  <properties>
[...]
</properties>
  <testcase name="contextLoads" classname="com.databasemanagementapplication.dbms.DbmsApplicationTests" time="0.723">
    <system-out><![CDATA[20:29:20.120 [main] INFO org.springframework.test.context.support.AnnotationConfigContextLoaderUtils -- Could not detect default configuration classes for test class [com.databasemanagementapplication.dbms.DbmsApplicationTests]: DbmsApplicationTests does not declare any static, non-private, non-final, nested classes annotated with @Configuration.
20:29:20.198 [main] INFO org.springframework.boot.test.context.SpringBootTestContextBootstrapper -- Found @SpringBootConfiguration com.databasemanagementapplication.DbmsApplication for test class com.databasemanagementapplication.dbms.DbmsApplicationTests

  .   ____          _            __ _ _
 /\\ / ___'_ __ _ _(_)_ __  __ _ \ \ \ \
( ( )\___ | '_ | '_| | '_ \/ _` | \ \ \ \
 \\/  ___)| |_)| | | | | || (_| |  ) ) ) )
  '  |____| .__|_| |_|_| |_\__, | / / / /
 =========|_|==============|___/=/_/_/_/
 :: Spring Boot ::                (v3.2.5)

2024-05-03 20:29:20 [main] INFO  c.d.dbms.DbmsApplicationTests - Starting DbmsApplicationTests using Java 21 with PID 22252 (started by abinav in D:\Exploration\dbms\dbms)
2024-05-03 20:29:20 [main] INFO  c.d.dbms.DbmsApplicationTests - No active profile set, falling back to 1 default profile: "default"
2024-05-03 20:29:20 [main] INFO  o.s.d.r.c.RepositoryConfigurationDelegate - Bootstrapping Spring Data MongoDB repositories in DEFAULT mode.
2024-05-03 20:29:20 [main] INFO  o.s.d.r.c.RepositoryConfigurationDelegate - Finished Spring Data repository scanning in 29 ms. Found 1 MongoDB repository interface.
2024-05-03 20:29:21 [main] INFO  org.mongodb.driver.client - MongoClient with metadata {"driver": {"name": "mongo-java-driver|sync", "version": "4.11.2"}, "os": {"type": "Windows", "name": "Windows 11", "architecture": "amd64", "version": "10.0"}, "platform": "Java/Oracle Corporation/21+35-LTS-2513"} created with settings MongoClientSettings{readPreference=primary, writeConcern=WriteConcern{w=null, wTimeout=null ms, journal=null}, retryWrites=true, retryReads=true, readConcern=ReadConcern{level=null}, credential=MongoCredential{mechanism=null, userName='admin', source='admin', password=<hidden>, mechanismProperties=<hidden>}, transportSettings=null, streamFactoryFactory=null, commandListeners=[], codecRegistry=ProvidersCodecRegistry{codecProviders=[ValueCodecProvider{}, BsonValueCodecProvider{}, DBRefCodecProvider{}, DBObjectCodecProvider{}, DocumentCodecProvider{}, CollectionCodecProvider{}, IterableCodecProvider{}, MapCodecProvider{}, GeoJsonCodecProvider{}, GridFSFileCodecProvider{}, Jsr310CodecProvider{}, JsonObjectCodecProvider{}, BsonCodecProvider{}, EnumCodecProvider{}, com.mongodb.client.model.mql.ExpressionCodecProvider@1d06f16f, com.mongodb.Jep395RecordCodecProvider@4fa4f485, com.mongodb.KotlinCodecProvider@68dd39d2]}, loggerSettings=LoggerSettings{maxDocumentLength=1000}, clusterSettings={hosts=[127.0.0.1:27017], srvHost=cluster0.7qx0l5f.mongodb.net, srvServiceName=mongodb, mode=MULTIPLE, requiredClusterType=REPLICA_SET, requiredReplicaSetName='atlas-um42e1-shard-0', serverSelector='null', clusterListeners='[]', serverSelectionTimeout='30000 ms', localThreshold='15 ms'}, socketSettings=SocketSettings{connectTimeoutMS=10000, readTimeoutMS=0, receiveBufferSize=0, proxySettings=ProxySettings{host=null, port=null, username=null, password=null}}, heartbeatSocketSettings=SocketSettings{connectTimeoutMS=10000, readTimeoutMS=10000, receiveBufferSize=0, proxySettings=ProxySettings{host=null, port=null, username=null, password=null}}, connectionPoolSettings=ConnectionPoolSettings{maxSize=100, minSize=0, maxWaitTimeMS=120000, maxConnectionLifeTimeMS=0, maxConnectionIdleTimeMS=0, maintenanceInitialDelayMS=0, maintenanceFrequencyMS=60000, connectionPoolListeners=[], maxConnecting=2}, serverSettings=ServerSettings{heartbeatFrequencyMS=10000, minHeartbeatFrequencyMS=500, serverListeners='[]', serverMonitorListeners='[]'}, sslSettings=SslSettings{enabled=true, invalidHostNameAllowed=false, context=null}, applicationName='null', compressorList=[], uuidRepresentation=UNSPECIFIED, serverApi=null, autoEncryptionSettings=null, dnsClient=null, inetAddressResolver=null, contextProvider=null}
2024-05-03 20:29:21 [cluster-ClusterId{value='6634fbc99200bc2aa046559e', description='null'}-srv-cluster0.7qx0l5f.mongodb.net] INFO  org.mongodb.driver.cluster - Adding discovered server ac-xdcfsse-shard-00-00.7qx0l5f.mongodb.net:27017 to client view of cluster
2024-05-03 20:29:21 [cluster-ClusterId{value='6634fbc99200bc2aa046559e', description='null'}-srv-cluster0.7qx0l5f.mongodb.net] INFO  org.mongodb.driver.cluster - Adding discovered server ac-xdcfsse-shard-00-02.7qx0l5f.mongodb.net:27017 to client view of cluster
2024-05-03 20:29:21 [cluster-ClusterId{value='6634fbc99200bc2aa046559e', description='null'}-srv-cluster0.7qx0l5f.mongodb.net] INFO  org.mongodb.driver.cluster - Adding discovered server ac-xdcfsse-shard-00-01.7qx0l5f.mongodb.net:27017 to client view of cluster
2024-05-03 20:29:22 [cluster-ClusterId{value='6634fbc99200bc2aa046559e', description='null'}-ac-xdcfsse-shard-00-01.7qx0l5f.mongodb.net:27017] INFO  org.mongodb.driver.cluster - Monitor thread successfully connected to server with description ServerDescription{address=ac-xdcfsse-shard-00-01.7qx0l5f.mongodb.net:27017, type=REPLICA_SET_SECONDARY, state=CONNECTED, ok=true, minWireVersion=0, maxWireVersion=21, maxDocumentSize=16777216, logicalSessionTimeoutMinutes=30, roundTripTimeNanos=376875100, setName='atlas-um42e1-shard-0', canonicalAddress=ac-xdcfsse-shard-00-01.7qx0l5f.mongodb.net:27017, hosts=[ac-xdcfsse-shard-00-00.7qx0l5f.mongodb.net:27017, ac-xdcfsse-shard-00-01.7qx0l5f.mongodb.net:27017, ac-xdcfsse-shard-00-02.7qx0l5f.mongodb.net:27017], passives=[], arbiters=[], primary='ac-xdcfsse-shard-00-02.7qx0l5f.mongodb.net:27017', tagSet=TagSet{[Tag{name='availabilityZone', value='aps1-az3'}, Tag{name='diskState', value='READY'}, Tag{name='nodeType', value='ELECTABLE'}, Tag{name='provider', value='AWS'}, Tag{name='region', value='AP_SOUTH_1'}, Tag{name='workloadType', value='OPERATIONAL'}]}, electionId=null, setVersion=32, topologyVersion=TopologyVersion{processId=663307e58921e62ecacac8ff, counter=3}, lastWriteDate=Fri May 03 20:29:22 IST 2024, lastUpdateTimeNanos=385133928436900}
2024-05-03 20:29:22 [cluster-ClusterId{value='6634fbc99200bc2aa046559e', description='null'}-ac-xdcfsse-shard-00-00.7qx0l5f.mongodb.net:27017] INFO  org.mongodb.driver.cluster - Monitor thread successfully connected to server with description ServerDescription{address=ac-xdcfsse-shard-00-00.7qx0l5f.mongodb.net:27017, type=REPLICA_SET_SECONDARY, state=CONNECTED, ok=true, minWireVersion=0, maxWireVersion=21, maxDocumentSize=16777216, logicalSessionTimeoutMinutes=30, roundTripTimeNanos=316329900, setName='atlas-um42e1-shard-0', canonicalAddress=ac-xdcfsse-shard-00-00.7qx0l5f.mongodb.net:27017, hosts=[ac-xdcfsse-shard-00-00.7qx0l5f.mongodb.net:27017, ac-xdcfsse-shard-00-01.7qx0l5f.mongodb.net:27017, ac-xdcfsse-shard-00-02.7qx0l5f.mongodb.net:27017], passives=[], arbiters=[], primary='ac-xdcfsse-shard-00-02.7qx0l5f.mongodb.net:27017', tagSet=TagSet{[Tag{name='availabilityZone', value='aps1-az1'}, Tag{name='diskState', value='READY'}, Tag{name='nodeType', value='ELECTABLE'}, Tag{name='provider', value='AWS'}, Tag{name='region', value='AP_SOUTH_1'}, Tag{name='workloadType', value='OPERATIONAL'}]}, electionId=null, setVersion=32, topologyVersion=TopologyVersion{processId=663306bbd2967d2618a588af, counter=4}, lastWriteDate=Fri May 03 20:29:22 IST 2024, lastUpdateTimeNanos=385133928436900}
2024-05-03 20:29:22 [cluster-ClusterId{value='6634fbc99200bc2aa046559e', description='null'}-ac-xdcfsse-shard-00-02.7qx0l5f.mongodb.net:27017] INFO  org.mongodb.driver.cluster - Monitor thread successfully connected to server with description ServerDescription{address=ac-xdcfsse-shard-00-02.7qx0l5f.mongodb.net:27017, type=REPLICA_SET_PRIMARY, state=CONNECTED, ok=true, minWireVersion=0, maxWireVersion=21, maxDocumentSize=16777216, logicalSessionTimeoutMinutes=30, roundTripTimeNanos=376874900, setName='atlas-um42e1-shard-0', canonicalAddress=ac-xdcfsse-shard-00-02.7qx0l5f.mongodb.net:27017, hosts=[ac-xdcfsse-shard-00-00.7qx0l5f.mongodb.net:27017, ac-xdcfsse-shard-00-01.7qx0l5f.mongodb.net:27017, ac-xdcfsse-shard-00-02.7qx0l5f.mongodb.net:27017], passives=[], arbiters=[], primary='ac-xdcfsse-shard-00-02.7qx0l5f.mongodb.net:27017', tagSet=TagSet{[Tag{name='availabilityZone', value='aps1-az2'}, Tag{name='diskState', value='READY'}, Tag{name='nodeType', value='ELECTABLE'}, Tag{name='provider', value='AWS'}, Tag{name='region', value='AP_SOUTH_1'}, Tag{name='workloadType', value='OPERATIONAL'}]}, electionId=7fffffff0000000000000032, setVersion=32, topologyVersion=TopologyVersion{processId=66330579c46c56589d25e07a, counter=6}, lastWriteDate=Fri May 03 20:29:22 IST 2024, lastUpdateTimeNanos=385133928436900}
2024-05-03 20:29:22 [cluster-ClusterId{value='6634fbc99200bc2aa046559e', description='null'}-ac-xdcfsse-shard-00-02.7qx0l5f.mongodb.net:27017] INFO  org.mongodb.driver.cluster - Discovered replica set primary ac-xdcfsse-shard-00-02.7qx0l5f.mongodb.net:27017 with max election id 7fffffff0000000000000032 and max set version 32
2024-05-03 20:29:22 [main] INFO  c.d.dbms.DbmsApplicationTests - Started DbmsApplicationTests in 2.096 seconds (process running for 2.816)
]]></system-out>
    <system-err><![CDATA[WARNING: A Java agent has been loaded dynamically (C:\Users\abinav\.m2\repository\net\bytebuddy\byte-buddy-agent\1.14.13\byte-buddy-agent-1.14.13.jar)
WARNING: If a serviceability tool is in use, please run with -XX:+EnableDynamicAgentLoading to hide this warning
WARNING: If a serviceability tool is not in use, please run with -Djdk.instrument.traceUsage for more information
WARNING: Dynamic loading of agents will be disallowed by default in a future release
]]></system-err>
  </testcase>
</testsuite>