<?xml version="1.0" encoding="UTF-8"?>
<testsuite xmlns:xsi="http://www.w3.org/2001/XMLSchema-instance" xsi:noNamespaceSchemaLocation="https://maven.apache.org/surefire/maven-surefire-plugin/xsd/surefire-test-report-3.0.xsd" version="3.0" name="com.databasemanagementapplication.dbms.DbmsApplicationTests" time="3.233" tests="1" errors="0" skipped="0" failures="0">
  <properties>
[...]
</properties>
  <testcase name="contextLoads" classname="com.databasemanagementapplication.dbms.DbmsApplicationTests" time="0.693">
    <system-out><![CDATA[11:01:40,166 |-INFO in ch.qos.logback.classic.LoggerContext[default] - This is logback-classic version 1.4.14
11:01:40,168 |-INFO in ch.qos.logback.classic.util.ContextInitializer@71687585 - Here is a list of configurators discovered as a service, by rank: 
11:01:40,168 |-INFO in ch.qos.logback.classic.util.ContextInitializer@71687585 -   org.springframework.boot.logging.logback.RootLogLevelConfigurator
11:01:40,168 |-INFO in ch.qos.logback.classic.util.ContextInitializer@71687585 - They will be invoked in order until ExecutionStatus.DO_NOT_INVOKE_NEXT_IF_ANY is returned.
11:01:40,168 |-INFO in ch.qos.logback.classic.util.ContextInitializer@71687585 - Constructed configurator of type class org.springframework.boot.logging.logback.RootLogLevelConfigurator
11:01:40,174 |-INFO in ch.qos.logback.classic.util.ContextInitializer@71687585 - org.springframework.boot.logging.logback.RootLogLevelConfigurator.configure() call lasted 0 milliseconds. ExecutionStatus=INVOKE_NEXT_IF_ANY
11:01:40,174 |-INFO in ch.qos.logback.classic.util.ContextInitializer@71687585 - Trying to configure with ch.qos.logback.classic.joran.SerializedModelConfigurator
11:01:40,175 |-INFO in ch.qos.logback.classic.util.ContextInitializer@71687585 - Constructed configurator of type class ch.qos.logback.classic.joran.SerializedModelConfigurator
11:01:40,178 |-INFO in ch.qos.logback.classic.LoggerContext[default] - Could NOT find resource [logback-test.scmo]
11:01:40,178 |-INFO in ch.qos.logback.classic.LoggerContext[default] - Could NOT find resource [logback.scmo]
11:01:40,178 |-INFO in ch.qos.logback.classic.util.ContextInitializer@71687585 - ch.qos.logback.classic.joran.SerializedModelConfigurator.configure() call lasted 3 milliseconds. ExecutionStatus=INVOKE_NEXT_IF_ANY
11:01:40,178 |-INFO in ch.qos.logback.classic.util.ContextInitializer@71687585 - Trying to configure with ch.qos.logback.classic.util.DefaultJoranConfigurator
11:01:40,178 |-INFO in ch.qos.logback.classic.util.ContextInitializer@71687585 - Constructed configurator of type class ch.qos.logback.classic.util.DefaultJoranConfigurator
11:01:40,179 |-INFO in ch.qos.logback.classic.LoggerContext[default] - Could NOT find resource [logback-test.xml]
11:01:40,181 |-INFO in ch.qos.logback.classic.LoggerContext[default] - Found resource [logback.xml] at [file:/D:/Exploration/dbms/dbms/target/classes/logback.xml]
11:01:40,273 |-WARN in ch.qos.logback.core.model.processor.ImplicitModelHandler - Ignoring unknown property [Appenders] in [ch.qos.logback.classic.LoggerContext]
11:01:40,273 |-WARN in ch.qos.logback.core.model.processor.ImplicitModelHandler - Ignoring unknown property [Loggers] in [ch.qos.logback.classic.LoggerContext]
11:01:40,274 |-INFO in ch.qos.logback.core.model.processor.DefaultProcessor@1807f5a7 - End of configuration.
11:01:40,275 |-INFO in ch.qos.logback.classic.joran.JoranConfigurator@1b919693 - Registering current configuration as safe fallback point
11:01:40,275 |-INFO in ch.qos.logback.classic.util.ContextInitializer@71687585 - ch.qos.logback.classic.util.DefaultJoranConfigurator.configure() call lasted 97 milliseconds. ExecutionStatus=DO_NOT_INVOKE_NEXT_IF_ANY

11:01:40,166 |-INFO in ch.qos.logback.classic.LoggerContext[default] - This is logback-classic version 1.4.14
11:01:40,168 |-INFO in ch.qos.logback.classic.util.ContextInitializer@71687585 - Here is a list of configurators discovered as a service, by rank: 
11:01:40,168 |-INFO in ch.qos.logback.classic.util.ContextInitializer@71687585 -   org.springframework.boot.logging.logback.RootLogLevelConfigurator
11:01:40,168 |-INFO in ch.qos.logback.classic.util.ContextInitializer@71687585 - They will be invoked in order until ExecutionStatus.DO_NOT_INVOKE_NEXT_IF_ANY is returned.
11:01:40,168 |-INFO in ch.qos.logback.classic.util.ContextInitializer@71687585 - Constructed configurator of type class org.springframework.boot.logging.logback.RootLogLevelConfigurator
11:01:40,174 |-INFO in ch.qos.logback.classic.util.ContextInitializer@71687585 - org.springframework.boot.logging.logback.RootLogLevelConfigurator.configure() call lasted 0 milliseconds. ExecutionStatus=INVOKE_NEXT_IF_ANY
11:01:40,174 |-INFO in ch.qos.logback.classic.util.ContextInitializer@71687585 - Trying to configure with ch.qos.logback.classic.joran.SerializedModelConfigurator
11:01:40,175 |-INFO in ch.qos.logback.classic.util.ContextInitializer@71687585 - Constructed configurator of type class ch.qos.logback.classic.joran.SerializedModelConfigurator
11:01:40,178 |-INFO in ch.qos.logback.classic.LoggerContext[default] - Could NOT find resource [logback-test.scmo]
11:01:40,178 |-INFO in ch.qos.logback.classic.LoggerContext[default] - Could NOT find resource [logback.scmo]
11:01:40,178 |-INFO in ch.qos.logback.classic.util.ContextInitializer@71687585 - ch.qos.logback.classic.joran.SerializedModelConfigurator.configure() call lasted 3 milliseconds. ExecutionStatus=INVOKE_NEXT_IF_ANY
11:01:40,178 |-INFO in ch.qos.logback.classic.util.ContextInitializer@71687585 - Trying to configure with ch.qos.logback.classic.util.DefaultJoranConfigurator
11:01:40,178 |-INFO in ch.qos.logback.classic.util.ContextInitializer@71687585 - Constructed configurator of type class ch.qos.logback.classic.util.DefaultJoranConfigurator
11:01:40,179 |-INFO in ch.qos.logback.classic.LoggerContext[default] - Could NOT find resource [logback-test.xml]
11:01:40,181 |-INFO in ch.qos.logback.classic.LoggerContext[default] - Found resource [logback.xml] at [file:/D:/Exploration/dbms/dbms/target/classes/logback.xml]
11:01:40,273 |-WARN in ch.qos.logback.core.model.processor.ImplicitModelHandler - Ignoring unknown property [Appenders] in [ch.qos.logback.classic.LoggerContext]
11:01:40,273 |-WARN in ch.qos.logback.core.model.processor.ImplicitModelHandler - Ignoring unknown property [Loggers] in [ch.qos.logback.classic.LoggerContext]
11:01:40,274 |-INFO in ch.qos.logback.core.model.processor.DefaultProcessor@1807f5a7 - End of configuration.
11:01:40,275 |-INFO in ch.qos.logback.classic.joran.JoranConfigurator@1b919693 - Registering current configuration as safe fallback point
11:01:40,275 |-INFO in ch.qos.logback.classic.util.ContextInitializer@71687585 - ch.qos.logback.classic.util.DefaultJoranConfigurator.configure() call lasted 97 milliseconds. ExecutionStatus=DO_NOT_INVOKE_NEXT_IF_ANY
11:01:40,356 |-WARN in Logger[org.springframework.test.context.support.AnnotationConfigContextLoaderUtils] - No appenders present in context [default] for logger [org.springframework.test.context.support.AnnotationConfigContextLoaderUtils].
11:01:40,715 |-WARN in ch.qos.logback.core.model.processor.ImplicitModelHandler - Ignoring unknown property [Appenders] in [ch.qos.logback.classic.LoggerContext]
11:01:40,715 |-WARN in ch.qos.logback.core.model.processor.ImplicitModelHandler - Ignoring unknown property [Loggers] in [ch.qos.logback.classic.LoggerContext]
11:01:40,715 |-INFO in ch.qos.logback.core.model.processor.DefaultProcessor@e041f0c - End of configuration.
11:01:40,715 |-INFO in org.springframework.boot.logging.logback.SpringBootJoranConfigurator@6a175569 - Registering current configuration as safe fallback point


  .   ____          _            __ _ _
 /\\ / ___'_ __ _ _(_)_ __  __ _ \ \ \ \
( ( )\___ | '_ | '_| | '_ \/ _` | \ \ \ \
 \\/  ___)| |_)| | | | | || (_| |  ) ) ) )
  '  |____| .__|_| |_|_| |_\__, | / / / /
 =========|_|==============|___/=/_/_/_/
 :: Spring Boot ::                (v3.2.5)

]]></system-out>
    <system-err><![CDATA[WARNING: A Java agent has been loaded dynamically (C:\Users\abinav\.m2\repository\net\bytebuddy\byte-buddy-agent\1.14.13\byte-buddy-agent-1.14.13.jar)
WARNING: If a serviceability tool is in use, please run with -XX:+EnableDynamicAgentLoading to hide this warning
WARNING: If a serviceability tool is not in use, please run with -Djdk.instrument.traceUsage for more information
WARNING: Dynamic loading of agents will be disallowed by default in a future release
]]></system-err>
  </testcase>
</testsuite>